\BOOKMARK [1][-]{section.1}{\376\377\000C\000P\000U\121\150\134\100\213\276\213\241\126\376}{}% 1
\BOOKMARK [1][-]{section.2}{\376\377\133\236\232\214\123\237\164\006\116\016\213\276\213\241}{}% 2
\BOOKMARK [2][-]{subsection.2.1}{\376\377\000T\000L\000B\152\041\127\127}{section.2}% 3
\BOOKMARK [3][-]{subsubsection.2.1.1}{\376\377\000T\000L\000B\123\302\145\160\213\276\213\241}{subsection.2.1}% 4
\BOOKMARK [3][-]{subsubsection.2.1.2}{\376\377\116\343\170\001\220\350\122\006\377\032\000T\000L\000B\143\245\123\343\116\016\121\163\225\056\117\341\123\367}{subsection.2.1}% 5
\BOOKMARK [3][-]{subsubsection.2.1.3}{\376\377\116\343\170\001\220\350\122\006\377\032\000T\000L\000B\147\345\142\176\217\223\121\372}{subsection.2.1}% 6
\BOOKMARK [2][-]{subsection.2.2}{\376\377\000C\000a\000c\000h\000e\152\041\127\127}{section.2}% 7
\BOOKMARK [2][-]{subsection.2.3}{\376\377\000I\000/\000D\000-\000C\000a\000c\000h\000e\000\040\123\302\145\160\213\276\213\241}{section.2}% 8
\BOOKMARK [3][-]{subsubsection.2.3.1}{\376\377\000I\000/\000D\000-\000C\000a\000c\000h\000e\123\072\122\053}{subsection.2.3}% 9
\BOOKMARK [3][-]{subsubsection.2.3.2}{\376\377\116\343\170\001\220\350\122\006\377\032\000C\000a\000c\000h\000e\143\245\123\343\116\016\121\163\225\056\117\341\123\367}{subsection.2.3}% 10
\BOOKMARK [2][-]{subsection.2.4}{\376\377\000A\000X\000I\116\016\000C\000a\000c\000h\000e\217\336\143\245\116\343\170\001\213\364\146\016}{section.2}% 11
\BOOKMARK [2][-]{subsection.2.5}{\376\377\000T\000L\000B\116\016\000C\000a\000c\000h\000e\117\213\131\026\145\057\143\001}{section.2}% 12
\BOOKMARK [3][-]{subsubsection.2.5.1}{\376\377\213\276\213\241\140\035\215\357}{subsection.2.5}% 13
\BOOKMARK [3][-]{subsubsection.2.5.2}{\376\377\116\343\170\001\133\236\163\260}{subsection.2.5}% 14
\BOOKMARK [1][-]{section.3}{\376\377\133\236\232\214\176\323\147\234}{}% 15
\BOOKMARK [2][-]{subsection.3.1}{\376\377\000I\000-\000C\000a\000c\000h\000e\124\175\116\055\116\016\147\052\124\175\116\055\171\072\117\213}{section.3}% 16
\BOOKMARK [2][-]{subsection.3.2}{\376\377\000D\000-\000C\000a\000c\000h\000e\121\231\166\364\217\276\171\072\117\213\377\010\000s\000t\000o\000r\000e\377\011}{section.3}% 17
\BOOKMARK [2][-]{subsection.3.3}{\376\377\000T\000L\000B\124\175\116\055\116\016\137\002\136\070\171\072\117\213}{section.3}% 18
\BOOKMARK [2][-]{subsection.3.4}{\376\377\155\101\154\064\146\202\120\134\171\072\117\213}{section.3}% 19
\BOOKMARK [1][-]{section.4}{\376\377\133\236\232\214\140\073\176\323}{}% 20
