\BOOKMARK [1][-]{section.1}{\376\377\133\236\232\214\166\356\166\204\116\016\211\201\154\102}{}% 1
\BOOKMARK [1][-]{section.2}{\376\377\133\236\232\214\217\307\172\013}{}% 2
\BOOKMARK [2][-]{subsection.2.1}{\376\377\000C\000P\0000\152\041\127\127\140\073\117\123\147\266\147\204}{section.2}% 3
\BOOKMARK [3][-]{subsubsection.2.1.1}{\376\377\152\041\127\127\143\245\123\343\213\276\213\241}{subsection.2.1}% 4
\BOOKMARK [3][-]{subsubsection.2.1.2}{\376\377\213\276\213\241\123\237\122\031}{subsection.2.1}% 5
\BOOKMARK [2][-]{subsection.2.2}{\376\377\000C\000P\0000\133\304\133\130\126\150\133\236\163\260}{section.2}% 6
\BOOKMARK [3][-]{subsubsection.2.2.1}{\376\377\133\304\133\130\126\150\122\027\210\150}{subsection.2.2}% 7
\BOOKMARK [3][-]{subsubsection.2.2.2}{\376\377\000S\000T\000A\000T\000U\000S\133\304\133\130\126\150\377\010\133\304\133\130\126\150\0001\0002\377\011}{subsection.2.2}% 8
\BOOKMARK [3][-]{subsubsection.2.2.3}{\376\377\000C\000A\000U\000S\000E\133\304\133\130\126\150\377\010\133\304\133\130\126\150\0001\0003\377\011}{subsection.2.2}% 9
\BOOKMARK [3][-]{subsubsection.2.2.4}{\376\377\000E\000P\000C\133\304\133\130\126\150\377\010\133\304\133\130\126\150\0001\0004\377\011}{subsection.2.2}% 10
\BOOKMARK [3][-]{subsubsection.2.2.5}{\376\377\000B\000A\000D\000V\000A\000D\000D\000R\133\304\133\130\126\150\377\010\133\304\133\130\126\150\0008\377\011}{subsection.2.2}% 11
\BOOKMARK [3][-]{subsubsection.2.2.6}{\376\377\000C\000O\000U\000N\000T\133\304\133\130\126\150\377\010\133\304\133\130\126\150\0009\377\011}{subsection.2.2}% 12
\BOOKMARK [3][-]{subsubsection.2.2.7}{\376\377\000C\000O\000M\000P\000A\000R\000E\133\304\133\130\126\150\377\010\133\304\133\130\126\150\0001\0001\377\011}{subsection.2.2}% 13
\BOOKMARK [2][-]{subsection.2.3}{\376\377\137\002\136\070\131\004\164\006\155\101\172\013}{section.2}% 14
\BOOKMARK [3][-]{subsubsection.2.3.1}{\376\377\137\002\136\070\150\300\155\113\116\016\116\362\210\301}{subsection.2.3}% 15
\BOOKMARK [3][-]{subsubsection.2.3.2}{\376\377\000W\000B\176\247\137\002\136\070\116\362\210\301}{subsection.2.3}% 16
\BOOKMARK [3][-]{subsubsection.2.3.3}{\376\377\137\002\136\070\131\004\164\006\155\101\172\013}{subsection.2.3}% 17
\BOOKMARK [3][-]{subsubsection.2.3.4}{\376\377\000E\000R\000E\000T\143\007\116\344\131\004\164\006}{subsection.2.3}% 18
\BOOKMARK [2][-]{subsection.2.4}{\376\377\116\055\145\255\131\004\164\006}{section.2}% 19
\BOOKMARK [3][-]{subsubsection.2.4.1}{\376\377\133\232\145\366\126\150\116\055\145\255\150\300\155\113}{subsection.2.4}% 20
\BOOKMARK [3][-]{subsubsection.2.4.2}{\376\377\116\055\145\255\117\177\200\375\147\141\116\366}{subsection.2.4}% 21
\BOOKMARK [2][-]{subsection.2.5}{\376\377\140\073\176\277\143\222\136\003}{section.2}% 22
\BOOKMARK [3][-]{subsubsection.2.5.1}{\376\377\000M\000E\000M\000-\000>\000W\000B\140\073\176\277}{subsection.2.5}% 23
\BOOKMARK [3][-]{subsubsection.2.5.2}{\376\377\000W\000B\000-\000>\000C\000P\0000\137\002\136\070\140\073\176\277}{subsection.2.5}% 24
\BOOKMARK [2][-]{subsection.2.6}{\376\377\124\004\137\002\136\070\174\173\127\213\166\204\133\236\163\260}{section.2}% 25
\BOOKMARK [3][-]{subsubsection.2.6.1}{\376\377\000S\000Y\000S\000C\000A\000L\000L\137\002\136\070}{subsection.2.6}% 26
\BOOKMARK [3][-]{subsubsection.2.6.2}{\376\377\000B\000R\000E\000A\000K\137\002\136\070}{subsection.2.6}% 27
\BOOKMARK [3][-]{subsubsection.2.6.3}{\376\377\127\060\127\100\225\031\213\357\137\002\136\070\377\010\000A\000d\000E\000L\000/\000A\000d\000E\000S\377\011}{subsection.2.6}% 28
\BOOKMARK [3][-]{subsubsection.2.6.4}{\376\377\133\232\145\366\126\150\116\055\145\255}{subsection.2.6}% 29
\BOOKMARK [2][-]{subsection.2.7}{\376\377\000C\000P\0000\133\304\133\130\126\150\213\277\225\356}{section.2}% 30
\BOOKMARK [3][-]{subsubsection.2.7.1}{\376\377\000M\000T\000C\0000\143\007\116\344\377\010\121\231\121\145\000C\000P\0000\133\304\133\130\126\150\377\011}{subsection.2.7}% 31
\BOOKMARK [3][-]{subsubsection.2.7.2}{\376\377\000M\000F\000C\0000\143\007\116\344\377\010\213\373\123\326\000C\000P\0000\133\304\133\130\126\150\377\011}{subsection.2.7}% 32
\BOOKMARK [2][-]{subsection.2.8}{\376\377\155\101\154\064\176\277\143\247\122\066\117\341\123\367}{section.2}% 33
\BOOKMARK [3][-]{subsubsection.2.8.1}{\376\377\000c\000a\000n\000c\000e\000l\117\341\123\367}{subsection.2.8}% 34
\BOOKMARK [3][-]{subsubsection.2.8.2}{\376\377\000e\000x\000c\000\137\000v\000a\000l\000i\000d\124\214\000e\000x\000c\000\137\000p\000c\117\341\123\367}{subsection.2.8}% 35
\BOOKMARK [1][-]{section.3}{\376\377\217\157\116\366\137\002\136\070\131\004\164\006\172\013\136\217}{}% 36
\BOOKMARK [2][-]{subsection.3.1}{\376\377\000S\000Y\000S\000C\000A\000L\000L\137\002\136\070\155\113\213\325\172\013\136\217}{section.3}% 37
\BOOKMARK [2][-]{subsection.3.2}{\376\377\000B\000R\000E\000A\000K\137\002\136\070\155\113\213\325\172\013\136\217}{section.3}% 38
\BOOKMARK [2][-]{subsection.3.3}{\376\377\133\232\145\366\126\150\116\055\145\255\211\346\123\321\154\342\137\142\122\006\147\220}{section.3}% 39
\BOOKMARK [1][-]{section.4}{\376\377\133\236\232\214\140\073\176\323}{}% 40
